<?xml version="1.0" encoding="UTF-8"?>
<!-- Generated by org.testng.reporters.JUnitReportReporter -->
<testsuite skipped="1" hostname="faheem-PC" name="Automation.UITestCaseClasses.RegistrationTests" tests="2" failures="0" timestamp="12 Apr 2019 03:53:48 GMT" time="1.090" errors="0">
  <testcase name="doRegistration" time="1.090" classname="Automation.UITestCaseClasses.RegistrationTests"/>
  <testcase name="verifyRegistrationForm" classname="Automation.UITestCaseClasses.RegistrationTests">
    <skipped/>
  </testcase> <!-- verifyRegistrationForm -->
</testsuite> <!-- Automation.UITestCaseClasses.RegistrationTests -->
